<?xml version="1.0" encoding="UTF-8"?>
<testng-results ignored="0" total="14" passed="14" failed="0" skipped="0">
  <reporter-output>
  </reporter-output>
  <suite started-at="2024-02-28T16:05:39 IST" name="Suite" finished-at="2024-02-28T16:06:58 IST" duration-ms="78529">
    <groups>
      <group name="smoke">
        <method signature="DisplayNewBikes.NewBikes()[pri:0, instance:bikesMain.DisplayNewBikes@792b749c]" name="NewBikes" class="bikesMain.DisplayNewBikes"/>
        <method signature="DisplayNewBikes.UpcomingBikes()[pri:1, instance:bikesMain.DisplayNewBikes@792b749c]" name="UpcomingBikes" class="bikesMain.DisplayNewBikes"/>
        <method signature="DisplayNewBikes.login()[pri:9, instance:bikesMain.DisplayNewBikes@792b749c]" name="login" class="bikesMain.DisplayNewBikes"/>
        <method signature="DisplayNewBikes.Google()[pri:10, instance:bikesMain.DisplayNewBikes@792b749c]" name="Google" class="bikesMain.DisplayNewBikes"/>
        <method signature="DisplayNewBikes.Lognwndw()[pri:11, instance:bikesMain.DisplayNewBikes@792b749c]" name="Lognwndw" class="bikesMain.DisplayNewBikes"/>
        <method signature="DisplayNewBikes.EnterDetails()[pri:12, instance:bikesMain.DisplayNewBikes@792b749c]" name="EnterDetails" class="bikesMain.DisplayNewBikes"/>
        <method signature="DisplayNewBikes.ErrorMsg()[pri:13, instance:bikesMain.DisplayNewBikes@792b749c]" name="ErrorMsg" class="bikesMain.DisplayNewBikes"/>
      </group> <!-- smoke -->
    </groups>
    <test started-at="2024-02-28T16:05:39 IST" name="Test" finished-at="2024-02-28T16:06:58 IST" duration-ms="78529">
      <class name="bikesMain.DisplayNewBikes">
        <test-method is-config="true" signature="setup()[pri:0, instance:bikesMain.DisplayNewBikes@792b749c]" started-at="2024-02-28T16:05:40 IST" name="setup" finished-at="2024-02-28T16:06:16 IST" duration-ms="35779" status="PASS">
          <reporter-output>
          </reporter-output>
        </test-method> <!-- setup -->
        <test-method signature="NewBikes()[pri:0, instance:bikesMain.DisplayNewBikes@792b749c]" started-at="2024-02-28T16:06:16 IST" name="NewBikes" finished-at="2024-02-28T16:06:17 IST" duration-ms="1418" status="PASS">
          <reporter-output>
          </reporter-output>
        </test-method> <!-- NewBikes -->
        <test-method signature="UpcomingBikes()[pri:1, instance:bikesMain.DisplayNewBikes@792b749c]" started-at="2024-02-28T16:06:17 IST" name="UpcomingBikes" finished-at="2024-02-28T16:06:21 IST" duration-ms="3488" status="PASS">
          <reporter-output>
          </reporter-output>
        </test-method> <!-- UpcomingBikes -->
        <test-method signature="ManufacturerDrop()[pri:2, instance:bikesMain.DisplayNewBikes@792b749c]" started-at="2024-02-28T16:06:21 IST" name="ManufacturerDrop" finished-at="2024-02-28T16:06:24 IST" duration-ms="2757" status="PASS">
          <reporter-output>
          </reporter-output>
        </test-method> <!-- ManufacturerDrop -->
        <test-method signature="ClickHonda()[pri:3, instance:bikesMain.DisplayNewBikes@792b749c]" started-at="2024-02-28T16:06:24 IST" name="ClickHonda" finished-at="2024-02-28T16:06:24 IST" duration-ms="849" status="PASS">
          <reporter-output>
          </reporter-output>
        </test-method> <!-- ClickHonda -->
        <test-method signature="Viewmore()[pri:4, instance:bikesMain.DisplayNewBikes@792b749c]" started-at="2024-02-28T16:06:24 IST" name="Viewmore" finished-at="2024-02-28T16:06:26 IST" duration-ms="1668" status="PASS">
          <reporter-output>
          </reporter-output>
        </test-method> <!-- Viewmore -->
        <test-method signature="ModelName()[pri:5, instance:bikesMain.DisplayNewBikes@792b749c]" started-at="2024-02-28T16:06:26 IST" name="ModelName" finished-at="2024-02-28T16:06:29 IST" duration-ms="3252" status="PASS">
          <reporter-output>
          </reporter-output>
        </test-method> <!-- ModelName -->
        <test-method signature="Usedcars()[pri:6, instance:bikesMain.DisplayNewBikes@792b749c]" started-at="2024-02-28T16:06:29 IST" name="Usedcars" finished-at="2024-02-28T16:06:31 IST" duration-ms="1568" status="PASS">
          <reporter-output>
          </reporter-output>
        </test-method> <!-- Usedcars -->
        <test-method signature="clickChennai()[pri:7, instance:bikesMain.DisplayNewBikes@792b749c]" started-at="2024-02-28T16:06:31 IST" name="clickChennai" finished-at="2024-02-28T16:06:36 IST" duration-ms="5192" status="PASS">
          <reporter-output>
          </reporter-output>
        </test-method> <!-- clickChennai -->
        <test-method signature="GetCarBrands()[pri:8, instance:bikesMain.DisplayNewBikes@792b749c]" started-at="2024-02-28T16:06:36 IST" name="GetCarBrands" finished-at="2024-02-28T16:06:40 IST" duration-ms="4322" status="PASS">
          <reporter-output>
          </reporter-output>
        </test-method> <!-- GetCarBrands -->
        <test-method signature="login()[pri:9, instance:bikesMain.DisplayNewBikes@792b749c]" started-at="2024-02-28T16:06:40 IST" name="login" finished-at="2024-02-28T16:06:41 IST" duration-ms="382" status="PASS">
          <reporter-output>
          </reporter-output>
        </test-method> <!-- login -->
        <test-method signature="Google()[pri:10, instance:bikesMain.DisplayNewBikes@792b749c]" started-at="2024-02-28T16:06:41 IST" name="Google" finished-at="2024-02-28T16:06:46 IST" duration-ms="5278" status="PASS">
          <reporter-output>
          </reporter-output>
        </test-method> <!-- Google -->
        <test-method signature="Lognwndw()[pri:11, instance:bikesMain.DisplayNewBikes@792b749c]" started-at="2024-02-28T16:06:46 IST" name="Lognwndw" finished-at="2024-02-28T16:06:52 IST" duration-ms="5430" status="PASS">
          <reporter-output>
          </reporter-output>
        </test-method> <!-- Lognwndw -->
        <test-method signature="EnterDetails()[pri:12, instance:bikesMain.DisplayNewBikes@792b749c]" started-at="2024-02-28T16:06:52 IST" name="EnterDetails" finished-at="2024-02-28T16:06:55 IST" duration-ms="3464" status="PASS">
          <reporter-output>
          </reporter-output>
        </test-method> <!-- EnterDetails -->
        <test-method signature="ErrorMsg()[pri:13, instance:bikesMain.DisplayNewBikes@792b749c]" started-at="2024-02-28T16:06:55 IST" name="ErrorMsg" finished-at="2024-02-28T16:06:56 IST" duration-ms="1400" status="PASS">
          <reporter-output>
          </reporter-output>
        </test-method> <!-- ErrorMsg -->
        <test-method is-config="true" signature="Close()[pri:0, instance:bikesMain.DisplayNewBikes@792b749c]" started-at="2024-02-28T16:06:56 IST" name="Close" finished-at="2024-02-28T16:06:58 IST" duration-ms="1242" status="PASS">
          <reporter-output>
          </reporter-output>
        </test-method> <!-- Close -->
      </class> <!-- bikesMain.DisplayNewBikes -->
    </test> <!-- Test -->
  </suite> <!-- Suite -->
</testng-results>
